nohup: ignoring input
Dataloader: Loading Dataset CS
Dataloader: Loading success.
Data(x=[18333, 6805], edge_index=[2, 163788], y=[18333])
[02:00:52] Trial 1/20 • Epoch 1/700 • loss=-0.0014 • sim=0.0014  train_V5.py:227
           • Granule Rebuild | Significant Loss ↓                               
[02:06:54] Trial 1/20 • Epoch 100/700 • loss=-0.9397 •           train_V5.py:227
           sim=0.9397 • log                                                     
[02:07:00] Trial 1/20 • Epoch 101/700 • loss=-0.9275 •           train_V5.py:227
           sim=0.9275 • Granule Rebuild                                         
[02:14:07] Trial 1/20 • Epoch 200/700 • loss=-0.9729 •           train_V5.py:227
           sim=0.9729 • log                                                     
[02:14:14] Trial 1/20 • Epoch 201/700 • loss=-0.9570 •           train_V5.py:227
           sim=0.9570 • Granule Rebuild                                         
[02:21:20] Trial 1/20 • Epoch 300/700 • loss=-0.9779 •           train_V5.py:227
           sim=0.9779 • log                                                     
[02:21:26] Trial 1/20 • Epoch 301/700 • loss=-0.9611 •           train_V5.py:227
           sim=0.9611 • Granule Rebuild                                         
[02:27:28] Trial 1/20 • Epoch 400/700 • loss=-0.9775 •           train_V5.py:227
           sim=0.9775 • log                                                     
[02:27:34] Trial 1/20 • Epoch 401/700 • loss=-0.9601 •           train_V5.py:227
           sim=0.9601 • Granule Rebuild                                         
[02:34:18] Trial 1/20 • Epoch 500/700 • loss=-0.9759 •           train_V5.py:227
           sim=0.9759 • log                                                     
[02:34:25] Trial 1/20 • Epoch 501/700 • loss=-0.9594 •           train_V5.py:227
           sim=0.9594 • Granule Rebuild                                         
[02:47:49] Trial 1/20 • Epoch 600/700 • loss=-0.9761 •           train_V5.py:227
           sim=0.9761 • log                                                     
[02:48:16] Trial 1/20 • Epoch 601/700 • loss=-0.9586 •           train_V5.py:227
           sim=0.9586 • Granule Rebuild                                         
[02:58:20] Trial 1/20 • Epoch 700/700 • loss=-0.9755 •           train_V5.py:227
           sim=0.9755 • log                                                     
[03:02:49] Trial 1 summary → best_loss=-0.9781, clf_mean=0.9425, train_V5.py:260
           clf_var=0.000001                                                     
Trials 1/20                       ━━━━━━━━━━━━━━━━━━━━━ 100% • 1:02:03 • 0:00:00
Epoch 700/700 | best_loss=-0.9781 ━━━━━━━━━━━━━━━━━━━━━ 100% • 0:26:43 • 0:00:00
Dataloader: Loading Dataset CS
Dataloader: Loading success.
Data(x=[18333, 6805], edge_index=[2, 163788], y=[18333])
[03:02:56] Trial 2/20 • Epoch 1/700 • loss=-0.0154 • sim=0.0154  train_V5.py:227
           • Granule Rebuild | Significant Loss ↓                               
[03:09:53] Trial 2/20 • Epoch 100/700 • loss=-0.9280 •           train_V5.py:227
           sim=0.9280 • log                                                     
[03:10:00] Trial 2/20 • Epoch 101/700 • loss=-0.9170 •           train_V5.py:227
           sim=0.9170 • Granule Rebuild                                         
[03:16:56] Trial 2/20 • Epoch 200/700 • loss=-0.9745 •           train_V5.py:227
           sim=0.9745 • log                                                     
[03:17:02] Trial 2/20 • Epoch 201/700 • loss=-0.9588 •           train_V5.py:227
           sim=0.9588 • Granule Rebuild                                         
[03:23:53] Trial 2/20 • Epoch 300/700 • loss=-0.9816 •           train_V5.py:227
           sim=0.9816 • log                                                     
[03:24:00] Trial 2/20 • Epoch 301/700 • loss=-0.9646 •           train_V5.py:227
           sim=0.9646 • Granule Rebuild                                         
[03:30:46] Trial 2/20 • Epoch 400/700 • loss=-0.9823 •           train_V5.py:227
           sim=0.9823 • log                                                     
[03:30:53] Trial 2/20 • Epoch 401/700 • loss=-0.9649 •           train_V5.py:227
           sim=0.9649 • Granule Rebuild                                         
[03:37:58] Trial 2/20 • Epoch 500/700 • loss=-0.9816 •           train_V5.py:227
           sim=0.9816 • log                                                     
[03:38:05] Trial 2/20 • Epoch 501/700 • loss=-0.9647 •           train_V5.py:227
           sim=0.9647 • Granule Rebuild                                         
[03:45:06] Trial 2/20 • Epoch 600/700 • loss=-0.9810 •           train_V5.py:227
           sim=0.9810 • log                                                     
[03:45:13] Trial 2/20 • Epoch 601/700 • loss=-0.9638 •           train_V5.py:227
           sim=0.9638 • Granule Rebuild                                         
[03:52:05] Trial 2/20 • Epoch 700/700 • loss=-0.9785 •           train_V5.py:227
           sim=0.9785 • log                                                     
[03:56:40] Trial 2 summary → best_loss=-0.9824, clf_mean=0.9407, train_V5.py:260
           clf_var=0.000001                                                     
Trials 2/20                       ━━━━━━━━━━━━━━━━━━━━━ 100% • 0:53:49 • 0:00:00
Epoch 700/700 | best_loss=-0.9824 ━━━━━━━━━━━━━━━━━━━━━ 100% • 0:27:56 • 0:00:00
Dataloader: Loading Dataset CS
Dataloader: Loading success.
Data(x=[18333, 6805], edge_index=[2, 163788], y=[18333])
[03:56:47] Trial 3/20 • Epoch 1/700 • loss=-0.0118 • sim=0.0118  train_V5.py:227
           • Granule Rebuild | Significant Loss ↓                               
[04:03:25] Trial 3/20 • Epoch 100/700 • loss=-0.9373 •           train_V5.py:227
           sim=0.9373 • log                                                     
[04:03:32] Trial 3/20 • Epoch 101/700 • loss=-0.9259 •           train_V5.py:227
           sim=0.9259 • Granule Rebuild                                         
[04:10:44] Trial 3/20 • Epoch 200/700 • loss=-0.9739 •           train_V5.py:227
           sim=0.9739 • log                                                     
[04:10:51] Trial 3/20 • Epoch 201/700 • loss=-0.9583 •           train_V5.py:227
           sim=0.9583 • Granule Rebuild                                         
[04:17:37] Trial 3/20 • Epoch 300/700 • loss=-0.9793 •           train_V5.py:227
           sim=0.9793 • log                                                     
[04:17:43] Trial 3/20 • Epoch 301/700 • loss=-0.9617 •           train_V5.py:227
           sim=0.9617 • Granule Rebuild                                         
[04:24:20] Trial 3/20 • Epoch 400/700 • loss=-0.9795 •           train_V5.py:227
           sim=0.9795 • log                                                     
[04:24:27] Trial 3/20 • Epoch 401/700 • loss=-0.9599 •           train_V5.py:227
           sim=0.9599 • Granule Rebuild                                         
[04:31:16] Trial 3/20 • Epoch 500/700 • loss=-0.9784 •           train_V5.py:227
           sim=0.9784 • log                                                     
[04:31:23] Trial 3/20 • Epoch 501/700 • loss=-0.9606 •           train_V5.py:227
           sim=0.9606 • Granule Rebuild                                         
[04:38:36] Trial 3/20 • Epoch 600/700 • loss=-0.9768 •           train_V5.py:227
           sim=0.9768 • log                                                     
[04:38:43] Trial 3/20 • Epoch 601/700 • loss=-0.9589 •           train_V5.py:227
           sim=0.9589 • Granule Rebuild                                         
[04:45:54] Trial 3/20 • Epoch 700/700 • loss=-0.9764 •           train_V5.py:227
           sim=0.9764 • log                                                     
[04:50:25] Trial 3 summary → best_loss=-0.9798, clf_mean=0.9420, train_V5.py:260
           clf_var=0.000000                                                     
Trials 3/20                       ━━━━━━━━━━━━━━━━━━━━━ 100% • 0:53:45 • 0:00:00
Epoch 700/700 | best_loss=-0.9798 ━━━━━━━━━━━━━━━━━━━━━ 100% • 0:27:40 • 0:00:00
Dataloader: Loading Dataset CS
Dataloader: Loading success.
Data(x=[18333, 6805], edge_index=[2, 163788], y=[18333])
[04:50:32] Trial 4/20 • Epoch 1/700 • loss=-0.0068 • sim=0.0068  train_V5.py:227
           • Granule Rebuild | Significant Loss ↓                               
[04:57:33] Trial 4/20 • Epoch 100/700 • loss=-0.9310 •           train_V5.py:227
           sim=0.9310 • log                                                     
[04:57:40] Trial 4/20 • Epoch 101/700 • loss=-0.9196 •           train_V5.py:227
           sim=0.9196 • Granule Rebuild                                         
[05:04:54] Trial 4/20 • Epoch 200/700 • loss=-0.9736 •           train_V5.py:227
           sim=0.9736 • log                                                     
[05:05:00] Trial 4/20 • Epoch 201/700 • loss=-0.9578 •           train_V5.py:227
           sim=0.9578 • Granule Rebuild                                         
[05:11:55] Trial 4/20 • Epoch 300/700 • loss=-0.9804 •           train_V5.py:227
           sim=0.9804 • log                                                     
[05:12:02] Trial 4/20 • Epoch 301/700 • loss=-0.9638 •           train_V5.py:227
           sim=0.9638 • Granule Rebuild                                         
[05:18:42] Trial 4/20 • Epoch 400/700 • loss=-0.9808 •           train_V5.py:227
           sim=0.9808 • log                                                     
[05:18:49] Trial 4/20 • Epoch 401/700 • loss=-0.9633 •           train_V5.py:227
           sim=0.9633 • Granule Rebuild                                         
[05:26:01] Trial 4/20 • Epoch 500/700 • loss=-0.9804 •           train_V5.py:227
           sim=0.9804 • log                                                     
[05:26:08] Trial 4/20 • Epoch 501/700 • loss=-0.9630 •           train_V5.py:227
           sim=0.9630 • Granule Rebuild                                         
[05:33:27] Trial 4/20 • Epoch 600/700 • loss=-0.9791 •           train_V5.py:227
           sim=0.9791 • log                                                     
[05:33:34] Trial 4/20 • Epoch 601/700 • loss=-0.9619 •           train_V5.py:227
           sim=0.9619 • Granule Rebuild                                         
[05:40:40] Trial 4/20 • Epoch 700/700 • loss=-0.9782 •           train_V5.py:227
           sim=0.9782 • log                                                     
[05:45:10] Trial 4 summary → best_loss=-0.9810, clf_mean=0.9413, train_V5.py:260
           clf_var=0.000000                                                     
Trials 4/20                       ━━━━━━━━━━━━━━━━━━━━━ 100% • 0:54:44 • 0:00:00
Epoch 700/700 | best_loss=-0.9810 ━━━━━━━━━━━━━━━━━━━━━ 100% • 0:28:15 • 0:00:00
Dataloader: Loading Dataset CS
Dataloader: Loading success.
Data(x=[18333, 6805], edge_index=[2, 163788], y=[18333])
[05:45:18] Trial 5/20 • Epoch 1/700 • loss=0.0230 • sim=-0.0230  train_V5.py:227
           • Granule Rebuild | Significant Loss ↓                               
[05:52:43] Trial 5/20 • Epoch 100/700 • loss=-0.9369 •           train_V5.py:227
           sim=0.9369 • log                                                     
[05:52:51] Trial 5/20 • Epoch 101/700 • loss=-0.9253 •           train_V5.py:227
           sim=0.9253 • Granule Rebuild                                         
[06:00:05] Trial 5/20 • Epoch 200/700 • loss=-0.9743 •           train_V5.py:227
           sim=0.9743 • log                                                     
[06:00:12] Trial 5/20 • Epoch 201/700 • loss=-0.9584 •           train_V5.py:227
           sim=0.9584 • Granule Rebuild                                         
[06:06:53] Trial 5/20 • Epoch 300/700 • loss=-0.9793 •           train_V5.py:227
           sim=0.9793 • log                                                     
[06:06:59] Trial 5/20 • Epoch 301/700 • loss=-0.9617 •           train_V5.py:227
           sim=0.9617 • Granule Rebuild                                         
[06:13:36] Trial 5/20 • Epoch 400/700 • loss=-0.9786 •           train_V5.py:227
           sim=0.9786 • log                                                     
[06:13:42] Trial 5/20 • Epoch 401/700 • loss=-0.9614 •           train_V5.py:227
           sim=0.9614 • Granule Rebuild                                         
[06:20:20] Trial 5/20 • Epoch 500/700 • loss=-0.9738 •           train_V5.py:227
           sim=0.9738 • log                                                     
[06:20:26] Trial 5/20 • Epoch 501/700 • loss=-0.9592 •           train_V5.py:227
           sim=0.9592 • Granule Rebuild                                         
[06:27:03] Trial 5/20 • Epoch 600/700 • loss=-0.9771 •           train_V5.py:227
           sim=0.9771 • log                                                     
[06:27:09] Trial 5/20 • Epoch 601/700 • loss=-0.9587 •           train_V5.py:227
           sim=0.9587 • Granule Rebuild                                         
[06:33:44] Trial 5/20 • Epoch 700/700 • loss=-0.9758 •           train_V5.py:227
           sim=0.9758 • log                                                     
[06:38:21] Trial 5 summary → best_loss=-0.9797, clf_mean=0.9416, train_V5.py:260
           clf_var=0.000000                                                     
Trials 5/20                       ━━━━━━━━━━━━━━━━━━━━━ 100% • 0:53:10 • 0:00:00
Epoch 700/700 | best_loss=-0.9797 ━━━━━━━━━━━━━━━━━━━━━ 100% • 0:28:24 • 0:00:00
Dataloader: Loading Dataset CS
Dataloader: Loading success.
Data(x=[18333, 6805], edge_index=[2, 163788], y=[18333])
[06:38:29] Trial 6/20 • Epoch 1/700 • loss=0.0042 • sim=-0.0042  train_V5.py:227
           • Granule Rebuild | Significant Loss ↓                               
[06:45:28] Trial 6/20 • Epoch 100/700 • loss=-0.9312 •           train_V5.py:227
           sim=0.9312 • log                                                     
[06:45:34] Trial 6/20 • Epoch 101/700 • loss=-0.9201 •           train_V5.py:227
           sim=0.9201 • Granule Rebuild                                         
[06:52:35] Trial 6/20 • Epoch 200/700 • loss=-0.9753 •           train_V5.py:227
           sim=0.9753 • log                                                     
[06:52:41] Trial 6/20 • Epoch 201/700 • loss=-0.9598 •           train_V5.py:227
           sim=0.9598 • Granule Rebuild                                         
[06:59:33] Trial 6/20 • Epoch 300/700 • loss=-0.9816 •           train_V5.py:227
           sim=0.9816 • log                                                     
[06:59:40] Trial 6/20 • Epoch 301/700 • loss=-0.9646 •           train_V5.py:227
           sim=0.9646 • Granule Rebuild                                         
[07:06:31] Trial 6/20 • Epoch 400/700 • loss=-0.9820 •           train_V5.py:227
           sim=0.9820 • log                                                     
[07:06:37] Trial 6/20 • Epoch 401/700 • loss=-0.9647 •           train_V5.py:227
           sim=0.9647 • Granule Rebuild                                         
[07:13:15] Trial 6/20 • Epoch 500/700 • loss=-0.9815 •           train_V5.py:227
           sim=0.9815 • log                                                     
[07:13:22] Trial 6/20 • Epoch 501/700 • loss=-0.9644 •           train_V5.py:227
           sim=0.9644 • Granule Rebuild                                         
[07:20:18] Trial 6/20 • Epoch 600/700 • loss=-0.9799 •           train_V5.py:227
           sim=0.9799 • log                                                     
[07:20:25] Trial 6/20 • Epoch 601/700 • loss=-0.9638 •           train_V5.py:227
           sim=0.9638 • Granule Rebuild                                         
[07:27:26] Trial 6/20 • Epoch 700/700 • loss=-0.9796 •           train_V5.py:227
           sim=0.9796 • log                                                     
[07:31:57] Trial 6 summary → best_loss=-0.9821, clf_mean=0.9414, train_V5.py:260
           clf_var=0.000001                                                     
Trials 6/20                       ━━━━━━━━━━━━━━━━━━━━━ 100% • 0:53:34 • 0:00:00
Epoch 700/700 | best_loss=-0.9821 ━━━━━━━━━━━━━━━━━━━━━ 100% • 0:28:08 • 0:00:00
Dataloader: Loading Dataset CS
Dataloader: Loading success.
Data(x=[18333, 6805], edge_index=[2, 163788], y=[18333])
[07:32:05] Trial 7/20 • Epoch 1/700 • loss=0.0007 • sim=-0.0007  train_V5.py:227
           • Granule Rebuild | Significant Loss ↓                               
[07:39:26] Trial 7/20 • Epoch 100/700 • loss=-0.9377 •           train_V5.py:227
           sim=0.9377 • log                                                     
[07:39:33] Trial 7/20 • Epoch 101/700 • loss=-0.9261 •           train_V5.py:227
           sim=0.9261 • Granule Rebuild                                         
[07:47:06] Trial 7/20 • Epoch 200/700 • loss=-0.9731 •           train_V5.py:227
           sim=0.9731 • log                                                     
[07:47:13] Trial 7/20 • Epoch 201/700 • loss=-0.9571 •           train_V5.py:227
           sim=0.9571 • Granule Rebuild                                         
[07:54:30] Trial 7/20 • Epoch 300/700 • loss=-0.9781 •           train_V5.py:227
           sim=0.9781 • log                                                     
[07:54:36] Trial 7/20 • Epoch 301/700 • loss=-0.9606 •           train_V5.py:227
           sim=0.9606 • Granule Rebuild                                         
[08:01:41] Trial 7/20 • Epoch 400/700 • loss=-0.9772 •           train_V5.py:227
           sim=0.9772 • log                                                     
[08:01:47] Trial 7/20 • Epoch 401/700 • loss=-0.9601 •           train_V5.py:227
           sim=0.9601 • Granule Rebuild                                         
[08:07:37] Trial 7/20 • Epoch 500/700 • loss=-0.9768 •           train_V5.py:227
           sim=0.9768 • log                                                     
[08:07:43] Trial 7/20 • Epoch 501/700 • loss=-0.9578 •           train_V5.py:227
           sim=0.9578 • Granule Rebuild                                         
[08:14:32] Trial 7/20 • Epoch 600/700 • loss=-0.9755 •           train_V5.py:227
           sim=0.9755 • log                                                     
[08:14:40] Trial 7/20 • Epoch 601/700 • loss=-0.9524 •           train_V5.py:227
           sim=0.9524 • Granule Rebuild                                         
[08:22:01] Trial 7/20 • Epoch 700/700 • loss=-0.9759 •           train_V5.py:227
           sim=0.9759 • log                                                     
[08:27:54] Trial 7 summary → best_loss=-0.9785, clf_mean=0.9414, train_V5.py:260
           clf_var=0.000000                                                     
Trials 7/20                       ━━━━━━━━━━━━━━━━━━━━━ 100% • 0:55:56 • 0:00:00
Epoch 700/700 | best_loss=-0.9785 ━━━━━━━━━━━━━━━━━━━━━ 100% • 0:29:42 • 0:00:00
Dataloader: Loading Dataset CS
Dataloader: Loading success.
Data(x=[18333, 6805], edge_index=[2, 163788], y=[18333])
[08:28:04] Trial 8/20 • Epoch 1/700 • loss=0.0073 • sim=-0.0073  train_V5.py:227
           • Granule Rebuild | Significant Loss ↓                               
[08:35:26] Trial 8/20 • Epoch 100/700 • loss=-0.9386 •           train_V5.py:227
           sim=0.9386 • log                                                     
[08:35:33] Trial 8/20 • Epoch 101/700 • loss=-0.9269 •           train_V5.py:227
           sim=0.9269 • Granule Rebuild                                         
[08:43:19] Trial 8/20 • Epoch 200/700 • loss=-0.9731 •           train_V5.py:227
           sim=0.9731 • log                                                     
[08:43:27] Trial 8/20 • Epoch 201/700 • loss=-0.9575 •           train_V5.py:227
           sim=0.9575 • Granule Rebuild                                         
[08:51:19] Trial 8/20 • Epoch 300/700 • loss=-0.9782 •           train_V5.py:227
           sim=0.9782 • log                                                     
[08:51:27] Trial 8/20 • Epoch 301/700 • loss=-0.9614 •           train_V5.py:227
           sim=0.9614 • Granule Rebuild                                         
[08:58:30] Trial 8/20 • Epoch 400/700 • loss=-0.9783 •           train_V5.py:227
           sim=0.9783 • log                                                     
[08:58:37] Trial 8/20 • Epoch 401/700 • loss=-0.9613 •           train_V5.py:227
           sim=0.9613 • Granule Rebuild                                         
[09:05:44] Trial 8/20 • Epoch 500/700 • loss=-0.9773 •           train_V5.py:227
           sim=0.9773 • log                                                     
[09:05:51] Trial 8/20 • Epoch 501/700 • loss=-0.9597 •           train_V5.py:227
           sim=0.9597 • Granule Rebuild                                         
[09:12:55] Trial 8/20 • Epoch 600/700 • loss=-0.9757 •           train_V5.py:227
           sim=0.9757 • log                                                     
[09:13:01] Trial 8/20 • Epoch 601/700 • loss=-0.9582 •           train_V5.py:227
           sim=0.9582 • Granule Rebuild                                         
[09:20:01] Trial 8/20 • Epoch 700/700 • loss=-0.9729 •           train_V5.py:227
           sim=0.9729 • log                                                     
[09:24:28] Trial 8 summary → best_loss=-0.9785, clf_mean=0.9422, train_V5.py:260
           clf_var=0.000001                                                     
Trials 8/20                       ━━━━━━━━━━━━━━━━━━━━━ 100% • 0:56:32 • 0:00:00
Epoch 700/700 | best_loss=-0.9785 ━━━━━━━━━━━━━━━━━━━━━ 100% • 0:30:34 • 0:00:00
Dataloader: Loading Dataset CS
Dataloader: Loading success.
Data(x=[18333, 6805], edge_index=[2, 163788], y=[18333])
[09:24:36] Trial 9/20 • Epoch 1/700 • loss=-0.0232 • sim=0.0232  train_V5.py:227
           • Granule Rebuild | Significant Loss ↓                               
[09:31:49] Trial 9/20 • Epoch 100/700 • loss=-0.9403 •           train_V5.py:227
           sim=0.9403 • log                                                     
[09:31:56] Trial 9/20 • Epoch 101/700 • loss=-0.9284 •           train_V5.py:227
           sim=0.9284 • Granule Rebuild                                         
[09:39:26] Trial 9/20 • Epoch 200/700 • loss=-0.9736 •           train_V5.py:227
           sim=0.9736 • log                                                     
[09:39:34] Trial 9/20 • Epoch 201/700 • loss=-0.9577 •           train_V5.py:227
           sim=0.9577 • Granule Rebuild                                         
[09:47:29] Trial 9/20 • Epoch 300/700 • loss=-0.9784 •           train_V5.py:227
           sim=0.9784 • log                                                     
[09:47:37] Trial 9/20 • Epoch 301/700 • loss=-0.9613 •           train_V5.py:227
           sim=0.9613 • Granule Rebuild                                         
[09:55:21] Trial 9/20 • Epoch 400/700 • loss=-0.9783 •           train_V5.py:227
           sim=0.9783 • log                                                     
[09:55:29] Trial 9/20 • Epoch 401/700 • loss=-0.9609 •           train_V5.py:227
           sim=0.9609 • Granule Rebuild                                         
[10:03:15] Trial 9/20 • Epoch 500/700 • loss=-0.9773 •           train_V5.py:227
           sim=0.9773 • log                                                     
[10:03:23] Trial 9/20 • Epoch 501/700 • loss=-0.9595 •           train_V5.py:227
           sim=0.9595 • Granule Rebuild                                         
[10:11:08] Trial 9/20 • Epoch 600/700 • loss=-0.9761 •           train_V5.py:227
           sim=0.9761 • log                                                     
[10:11:15] Trial 9/20 • Epoch 601/700 • loss=-0.9583 •           train_V5.py:227
           sim=0.9583 • Granule Rebuild                                         
[10:18:17] Trial 9/20 • Epoch 700/700 • loss=-0.9747 •           train_V5.py:227
           sim=0.9747 • log                                                     
[10:22:43] Trial 9 summary → best_loss=-0.9786, clf_mean=0.9414, train_V5.py:260
           clf_var=0.000002                                                     
Trials 9/20                       ━━━━━━━━━━━━━━━━━━━━━ 100% • 0:58:14 • 0:00:00
Epoch 700/700 | best_loss=-0.9786 ━━━━━━━━━━━━━━━━━━━━━ 100% • 0:30:52 • 0:00:00
Dataloader: Loading Dataset CS
Dataloader: Loading success.
Data(x=[18333, 6805], edge_index=[2, 163788], y=[18333])
[10:22:50] Trial 10/20 • Epoch 1/700 • loss=-0.0171 • sim=0.0171 train_V5.py:227
           • Granule Rebuild | Significant Loss ↓                               
[10:30:20] Trial 10/20 • Epoch 100/700 • loss=-0.9384 •          train_V5.py:227
           sim=0.9384 • log                                                     
[10:30:28] Trial 10/20 • Epoch 101/700 • loss=-0.9269 •          train_V5.py:227
           sim=0.9269 • Granule Rebuild                                         
[10:37:46] Trial 10/20 • Epoch 200/700 • loss=-0.9735 •          train_V5.py:227
           sim=0.9735 • log                                                     
[10:37:52] Trial 10/20 • Epoch 201/700 • loss=-0.9578 •          train_V5.py:227
           sim=0.9578 • Granule Rebuild                                         
[10:45:01] Trial 10/20 • Epoch 300/700 • loss=-0.9786 •          train_V5.py:227
           sim=0.9786 • log                                                     
[10:45:08] Trial 10/20 • Epoch 301/700 • loss=-0.9622 •          train_V5.py:227
           sim=0.9622 • Granule Rebuild                                         
[10:52:06] Trial 10/20 • Epoch 400/700 • loss=-0.9788 •          train_V5.py:227
           sim=0.9788 • log                                                     
[10:52:12] Trial 10/20 • Epoch 401/700 • loss=-0.9616 •          train_V5.py:227
           sim=0.9616 • Granule Rebuild                                         
[10:59:12] Trial 10/20 • Epoch 500/700 • loss=-0.9776 •          train_V5.py:227
           sim=0.9776 • log                                                     
[10:59:18] Trial 10/20 • Epoch 501/700 • loss=-0.9605 •          train_V5.py:227
           sim=0.9605 • Granule Rebuild                                         
[11:06:13] Trial 10/20 • Epoch 600/700 • loss=-0.9756 •          train_V5.py:227
           sim=0.9756 • log                                                     
[11:06:19] Trial 10/20 • Epoch 601/700 • loss=-0.9577 •          train_V5.py:227
           sim=0.9577 • Granule Rebuild                                         
[11:13:09] Trial 10/20 • Epoch 700/700 • loss=-0.9752 •          train_V5.py:227
           sim=0.9752 • log                                                     
[11:17:31] Trial 10 summary → best_loss=-0.9792,                 train_V5.py:260
           clf_mean=0.9422, clf_var=0.000001                                    
Trials 10/20                      ━━━━━━━━━━━━━━━━━━━━━ 100% • 0:54:47 • 0:00:00
Epoch 700/700 | best_loss=-0.9792 ━━━━━━━━━━━━━━━━━━━━━ 100% • 0:29:22 • 0:00:00
Dataloader: Loading Dataset CS
Dataloader: Loading success.
Data(x=[18333, 6805], edge_index=[2, 163788], y=[18333])
[11:17:39] Trial 11/20 • Epoch 1/700 • loss=-0.0220 • sim=0.0220 train_V5.py:227
           • Granule Rebuild | Significant Loss ↓                               
[11:25:14] Trial 11/20 • Epoch 100/700 • loss=-0.9373 •          train_V5.py:227
           sim=0.9373 • log                                                     
[11:25:21] Trial 11/20 • Epoch 101/700 • loss=-0.9254 •          train_V5.py:227
           sim=0.9254 • Granule Rebuild                                         
[11:32:34] Trial 11/20 • Epoch 200/700 • loss=-0.9721 •          train_V5.py:227
           sim=0.9721 • log                                                     
[11:32:41] Trial 11/20 • Epoch 201/700 • loss=-0.9564 •          train_V5.py:227
           sim=0.9564 • Granule Rebuild                                         
[11:39:46] Trial 11/20 • Epoch 300/700 • loss=-0.9773 •          train_V5.py:227
           sim=0.9773 • log                                                     
[11:39:52] Trial 11/20 • Epoch 301/700 • loss=-0.9604 •          train_V5.py:227
           sim=0.9604 • Granule Rebuild                                         
[11:46:43] Trial 11/20 • Epoch 400/700 • loss=-0.9773 •          train_V5.py:227
           sim=0.9773 • log                                                     
[11:46:50] Trial 11/20 • Epoch 401/700 • loss=-0.9600 •          train_V5.py:227
           sim=0.9600 • Granule Rebuild                                         
[11:53:31] Trial 11/20 • Epoch 500/700 • loss=-0.9749 •          train_V5.py:227
           sim=0.9749 • log                                                     
[11:53:38] Trial 11/20 • Epoch 501/700 • loss=-0.9591 •          train_V5.py:227
           sim=0.9591 • Granule Rebuild                                         
[12:00:18] Trial 11/20 • Epoch 600/700 • loss=-0.9755 •          train_V5.py:227
           sim=0.9755 • log                                                     
[12:00:25] Trial 11/20 • Epoch 601/700 • loss=-0.9581 •          train_V5.py:227
           sim=0.9581 • Granule Rebuild                                         
[12:07:03] Trial 11/20 • Epoch 700/700 • loss=-0.9747 •          train_V5.py:227
           sim=0.9747 • log                                                     
[12:11:35] Trial 11 summary → best_loss=-0.9776,                 train_V5.py:260
           clf_mean=0.9409, clf_var=0.000000                                    
Trials 11/20                      ━━━━━━━━━━━━━━━━━━━━━ 100% • 0:54:03 • 0:00:00
Epoch 700/700 | best_loss=-0.9776 ━━━━━━━━━━━━━━━━━━━━━ 100% • 0:29:11 • 0:00:00
Dataloader: Loading Dataset CS
Dataloader: Loading success.
Data(x=[18333, 6805], edge_index=[2, 163788], y=[18333])
[12:11:42] Trial 12/20 • Epoch 1/700 • loss=-0.0090 • sim=0.0090 train_V5.py:227
           • Granule Rebuild | Significant Loss ↓                               
[12:18:49] Trial 12/20 • Epoch 100/700 • loss=-0.9299 •          train_V5.py:227
           sim=0.9299 • log                                                     
[12:18:56] Trial 12/20 • Epoch 101/700 • loss=-0.9186 •          train_V5.py:227
           sim=0.9186 • Granule Rebuild                                         
[12:26:27] Trial 12/20 • Epoch 200/700 • loss=-0.9746 •          train_V5.py:227
           sim=0.9746 • log                                                     
[12:26:35] Trial 12/20 • Epoch 201/700 • loss=-0.9593 •          train_V5.py:227
           sim=0.9593 • Granule Rebuild                                         
[12:34:40] Trial 12/20 • Epoch 300/700 • loss=-0.9816 •          train_V5.py:227
           sim=0.9816 • log                                                     
[12:34:47] Trial 12/20 • Epoch 301/700 • loss=-0.9635 •          train_V5.py:227
           sim=0.9635 • Granule Rebuild                                         
[12:42:48] Trial 12/20 • Epoch 400/700 • loss=-0.9822 •          train_V5.py:227
           sim=0.9822 • log                                                     
[12:42:55] Trial 12/20 • Epoch 401/700 • loss=-0.9647 •          train_V5.py:227
           sim=0.9647 • Granule Rebuild                                         
[12:50:54] Trial 12/20 • Epoch 500/700 • loss=-0.9804 •          train_V5.py:227
           sim=0.9804 • log                                                     
[12:51:01] Trial 12/20 • Epoch 501/700 • loss=-0.9636 •          train_V5.py:227
           sim=0.9636 • Granule Rebuild                                         
[12:59:05] Trial 12/20 • Epoch 600/700 • loss=-0.9814 •          train_V5.py:227
           sim=0.9814 • log                                                     
[12:59:14] Trial 12/20 • Epoch 601/700 • loss=-0.9643 •          train_V5.py:227
           sim=0.9643 • Granule Rebuild                                         
[13:07:17] Trial 12/20 • Epoch 700/700 • loss=-0.9785 •          train_V5.py:227
           sim=0.9785 • log                                                     
[13:11:42] Trial 12 summary → best_loss=-0.9825,                 train_V5.py:260
           clf_mean=0.9405, clf_var=0.000001                                    
Trials 12/20                      ━━━━━━━━━━━━━━━━━━━━━ 100% • 1:00:05 • 0:00:00
Epoch 700/700 | best_loss=-0.9825 ━━━━━━━━━━━━━━━━━━━━━ 100% • 0:31:11 • 0:00:00
Dataloader: Loading Dataset CS
Dataloader: Loading success.
Data(x=[18333, 6805], edge_index=[2, 163788], y=[18333])
[13:11:50] Trial 13/20 • Epoch 1/700 • loss=0.0142 • sim=-0.0142 train_V5.py:227
           • Granule Rebuild | Significant Loss ↓                               
[13:19:39] Trial 13/20 • Epoch 100/700 • loss=-0.9419 •          train_V5.py:227
           sim=0.9419 • log                                                     
[13:19:47] Trial 13/20 • Epoch 101/700 • loss=-0.9303 •          train_V5.py:227
           sim=0.9303 • Granule Rebuild                                         
[13:27:40] Trial 13/20 • Epoch 200/700 • loss=-0.9752 •          train_V5.py:227
           sim=0.9752 • log                                                     
[13:27:48] Trial 13/20 • Epoch 201/700 • loss=-0.9596 •          train_V5.py:227
           sim=0.9596 • Granule Rebuild                                         
[13:35:41] Trial 13/20 • Epoch 300/700 • loss=-0.9800 •          train_V5.py:227
           sim=0.9800 • log                                                     
[13:35:49] Trial 13/20 • Epoch 301/700 • loss=-0.9619 •          train_V5.py:227
           sim=0.9619 • Granule Rebuild                                         
[13:43:26] Trial 13/20 • Epoch 400/700 • loss=-0.9782 •          train_V5.py:227
           sim=0.9782 • log                                                     
[13:43:33] Trial 13/20 • Epoch 401/700 • loss=-0.9611 •          train_V5.py:227
           sim=0.9611 • Granule Rebuild                                         
[13:51:12] Trial 13/20 • Epoch 500/700 • loss=-0.9779 •          train_V5.py:227
           sim=0.9779 • log                                                     
[13:51:20] Trial 13/20 • Epoch 501/700 • loss=-0.9583 •          train_V5.py:227
           sim=0.9583 • Granule Rebuild                                         
[13:58:57] Trial 13/20 • Epoch 600/700 • loss=-0.9782 •          train_V5.py:227
           sim=0.9782 • log                                                     
[13:59:05] Trial 13/20 • Epoch 601/700 • loss=-0.9611 •          train_V5.py:227
           sim=0.9611 • Granule Rebuild                                         
[14:06:42] Trial 13/20 • Epoch 700/700 • loss=-0.9773 •          train_V5.py:227
           sim=0.9773 • log                                                     
[14:11:02] Trial 13 summary → best_loss=-0.9806,                 train_V5.py:260
           clf_mean=0.9420, clf_var=0.000001                                    
Trials 13/20                      ━━━━━━━━━━━━━━━━━━━━━ 100% • 0:59:19 • 0:00:00
Epoch 700/700 | best_loss=-0.9806 ━━━━━━━━━━━━━━━━━━━━━ 100% • 0:31:43 • 0:00:00
Dataloader: Loading Dataset CS
Dataloader: Loading success.
Data(x=[18333, 6805], edge_index=[2, 163788], y=[18333])
[14:11:10] Trial 14/20 • Epoch 1/700 • loss=0.0305 • sim=-0.0305 train_V5.py:227
           • Granule Rebuild | Significant Loss ↓                               
[14:18:30] Trial 14/20 • Epoch 100/700 • loss=-0.9327 •          train_V5.py:227
           sim=0.9327 • log                                                     
[14:18:36] Trial 14/20 • Epoch 101/700 • loss=-0.9213 •          train_V5.py:227
           sim=0.9213 • Granule Rebuild                                         
[14:25:53] Trial 14/20 • Epoch 200/700 • loss=-0.9745 •          train_V5.py:227
           sim=0.9745 • log                                                     
[14:26:00] Trial 14/20 • Epoch 201/700 • loss=-0.9591 •          train_V5.py:227
           sim=0.9591 • Granule Rebuild                                         
[14:33:06] Trial 14/20 • Epoch 300/700 • loss=-0.9816 •          train_V5.py:227
           sim=0.9816 • log                                                     
[14:33:13] Trial 14/20 • Epoch 301/700 • loss=-0.9651 •          train_V5.py:227
           sim=0.9651 • Granule Rebuild                                         
[14:40:08] Trial 14/20 • Epoch 400/700 • loss=-0.9824 •          train_V5.py:227
           sim=0.9824 • log                                                     
[14:40:15] Trial 14/20 • Epoch 401/700 • loss=-0.9653 •          train_V5.py:227
           sim=0.9653 • Granule Rebuild                                         
[14:45:45] Trial 14/20 • Epoch 500/700 • loss=-0.9815 •          train_V5.py:227
           sim=0.9815 • log                                                     
[14:45:52] Trial 14/20 • Epoch 501/700 • loss=-0.9649 •          train_V5.py:227
           sim=0.9649 • Granule Rebuild                                         
[14:51:31] Trial 14/20 • Epoch 600/700 • loss=-0.9807 •          train_V5.py:227
           sim=0.9807 • log                                                     
[14:51:37] Trial 14/20 • Epoch 601/700 • loss=-0.9639 •          train_V5.py:227
           sim=0.9639 • Granule Rebuild                                         
[14:57:11] Trial 14/20 • Epoch 700/700 • loss=-0.9791 •          train_V5.py:227
           sim=0.9791 • log                                                     
[15:01:43] Trial 14 summary → best_loss=-0.9824,                 train_V5.py:260
           clf_mean=0.9410, clf_var=0.000000                                    
Trials 14/20                      ━━━━━━━━━━━━━━━━━━━━━ 100% • 0:50:40 • 0:00:00
Epoch 700/700 | best_loss=-0.9824 ━━━━━━━━━━━━━━━━━━━━━ 100% • 0:29:04 • 0:00:00
Dataloader: Loading Dataset CS
Dataloader: Loading success.
Data(x=[18333, 6805], edge_index=[2, 163788], y=[18333])
[15:01:50] Trial 15/20 • Epoch 1/700 • loss=-0.0045 • sim=0.0045 train_V5.py:227
           • Granule Rebuild | Significant Loss ↓                               
[15:08:44] Trial 15/20 • Epoch 100/700 • loss=-0.9325 •          train_V5.py:227
           sim=0.9325 • log                                                     
[15:08:52] Trial 15/20 • Epoch 101/700 • loss=-0.9215 •          train_V5.py:227
           sim=0.9215 • Granule Rebuild                                         
[15:16:00] Trial 15/20 • Epoch 200/700 • loss=-0.9743 •          train_V5.py:227
           sim=0.9743 • log                                                     
[15:16:07] Trial 15/20 • Epoch 201/700 • loss=-0.9588 •          train_V5.py:227
           sim=0.9588 • Granule Rebuild                                         
[15:22:55] Trial 15/20 • Epoch 300/700 • loss=-0.9810 •          train_V5.py:227
           sim=0.9810 • log                                                     
[15:23:02] Trial 15/20 • Epoch 301/700 • loss=-0.9645 •          train_V5.py:227
           sim=0.9645 • Granule Rebuild                                         
[15:29:37] Trial 15/20 • Epoch 400/700 • loss=-0.9817 •          train_V5.py:227
           sim=0.9817 • log                                                     
[15:29:43] Trial 15/20 • Epoch 401/700 • loss=-0.9647 •          train_V5.py:227
           sim=0.9647 • Granule Rebuild                                         
[15:36:17] Trial 15/20 • Epoch 500/700 • loss=-0.9810 •          train_V5.py:227
           sim=0.9810 • log                                                     
[15:36:24] Trial 15/20 • Epoch 501/700 • loss=-0.9641 •          train_V5.py:227
           sim=0.9641 • Granule Rebuild                                         
[15:43:28] Trial 15/20 • Epoch 600/700 • loss=-0.9799 •          train_V5.py:227
           sim=0.9799 • log                                                     
[15:43:35] Trial 15/20 • Epoch 601/700 • loss=-0.9628 •          train_V5.py:227
           sim=0.9628 • Granule Rebuild                                         
[15:50:35] Trial 15/20 • Epoch 700/700 • loss=-0.9788 •          train_V5.py:227
           sim=0.9788 • log                                                     
[15:55:04] Trial 15 summary → best_loss=-0.9818,                 train_V5.py:260
           clf_mean=0.9415, clf_var=0.000001                                    
Trials 15/20                      ━━━━━━━━━━━━━━━━━━━━━ 100% • 0:53:20 • 0:00:00
Epoch 700/700 | best_loss=-0.9818 ━━━━━━━━━━━━━━━━━━━━━ 100% • 0:27:53 • 0:00:00
Dataloader: Loading Dataset CS
Dataloader: Loading success.
Data(x=[18333, 6805], edge_index=[2, 163788], y=[18333])
[15:55:11] Trial 16/20 • Epoch 1/700 • loss=-0.0167 • sim=0.0167 train_V5.py:227
           • Granule Rebuild | Significant Loss ↓                               
[16:02:29] Trial 16/20 • Epoch 100/700 • loss=-0.9351 •          train_V5.py:227
           sim=0.9351 • log                                                     
[16:02:36] Trial 16/20 • Epoch 101/700 • loss=-0.9234 •          train_V5.py:227
           sim=0.9234 • Granule Rebuild                                         
[16:09:57] Trial 16/20 • Epoch 200/700 • loss=-0.9757 •          train_V5.py:227
           sim=0.9757 • log                                                     
[16:10:04] Trial 16/20 • Epoch 201/700 • loss=-0.9599 •          train_V5.py:227
           sim=0.9599 • Granule Rebuild                                         
[16:18:01] Trial 16/20 • Epoch 300/700 • loss=-0.9817 •          train_V5.py:227
           sim=0.9817 • log                                                     
[16:18:09] Trial 16/20 • Epoch 301/700 • loss=-0.9652 •          train_V5.py:227
           sim=0.9652 • Granule Rebuild                                         
[16:25:58] Trial 16/20 • Epoch 400/700 • loss=-0.9831 •          train_V5.py:227
           sim=0.9831 • log                                                     
[16:26:06] Trial 16/20 • Epoch 401/700 • loss=-0.9655 •          train_V5.py:227
           sim=0.9655 • Granule Rebuild                                         
[16:33:47] Trial 16/20 • Epoch 500/700 • loss=-0.9829 •          train_V5.py:227
           sim=0.9829 • log                                                     
[16:33:56] Trial 16/20 • Epoch 501/700 • loss=-0.9656 •          train_V5.py:227
           sim=0.9656 • Granule Rebuild                                         
[16:41:06] Trial 16/20 • Epoch 600/700 • loss=-0.9792 •          train_V5.py:227
           sim=0.9792 • log                                                     
[16:41:13] Trial 16/20 • Epoch 601/700 • loss=-0.9591 •          train_V5.py:227
           sim=0.9591 • Granule Rebuild                                         
[16:48:12] Trial 16/20 • Epoch 700/700 • loss=-0.9813 •          train_V5.py:227
           sim=0.9813 • log                                                     
[16:52:41] Trial 16 summary → best_loss=-0.9831,                 train_V5.py:260
           clf_mean=0.9405, clf_var=0.000000                                    
Trials 16/20                      ━━━━━━━━━━━━━━━━━━━━━ 100% • 0:57:36 • 0:00:00
Epoch 700/700 | best_loss=-0.9831 ━━━━━━━━━━━━━━━━━━━━━ 100% • 0:30:53 • 0:00:00
Dataloader: Loading Dataset CS
Dataloader: Loading success.
Data(x=[18333, 6805], edge_index=[2, 163788], y=[18333])
[16:52:48] Trial 17/20 • Epoch 1/700 • loss=0.0460 • sim=-0.0460 train_V5.py:227
           • Granule Rebuild | Significant Loss ↓                               
[16:59:59] Trial 17/20 • Epoch 100/700 • loss=-0.9345 •          train_V5.py:227
           sim=0.9345 • log                                                     
[17:00:06] Trial 17/20 • Epoch 101/700 • loss=-0.9232 •          train_V5.py:227
           sim=0.9232 • Granule Rebuild                                         
[17:07:14] Trial 17/20 • Epoch 200/700 • loss=-0.9748 •          train_V5.py:227
           sim=0.9748 • log                                                     
[17:07:21] Trial 17/20 • Epoch 201/700 • loss=-0.9592 •          train_V5.py:227
           sim=0.9592 • Granule Rebuild                                         
[17:14:25] Trial 17/20 • Epoch 300/700 • loss=-0.9807 •          train_V5.py:227
           sim=0.9807 • log                                                     
[17:14:31] Trial 17/20 • Epoch 301/700 • loss=-0.9638 •          train_V5.py:227
           sim=0.9638 • Granule Rebuild                                         
[17:21:25] Trial 17/20 • Epoch 400/700 • loss=-0.9816 •          train_V5.py:227
           sim=0.9816 • log                                                     
[17:21:32] Trial 17/20 • Epoch 401/700 • loss=-0.9645 •          train_V5.py:227
           sim=0.9645 • Granule Rebuild                                         
[17:28:26] Trial 17/20 • Epoch 500/700 • loss=-0.9803 •          train_V5.py:227
           sim=0.9803 • log                                                     
[17:28:32] Trial 17/20 • Epoch 501/700 • loss=-0.9600 •          train_V5.py:227
           sim=0.9600 • Granule Rebuild                                         
[17:35:25] Trial 17/20 • Epoch 600/700 • loss=-0.9800 •          train_V5.py:227
           sim=0.9800 • log                                                     
[17:35:32] Trial 17/20 • Epoch 601/700 • loss=-0.9627 •          train_V5.py:227
           sim=0.9627 • Granule Rebuild                                         
[17:42:26] Trial 17/20 • Epoch 700/700 • loss=-0.9755 •          train_V5.py:227
           sim=0.9755 • log                                                     
[17:47:06] Trial 17 summary → best_loss=-0.9816,                 train_V5.py:260
           clf_mean=0.9398, clf_var=0.000001                                    
Trials 17/20                      ━━━━━━━━━━━━━━━━━━━━━ 100% • 0:54:24 • 0:00:00
Epoch 700/700 | best_loss=-0.9816 ━━━━━━━━━━━━━━━━━━━━━ 100% • 0:28:42 • 0:00:00
Dataloader: Loading Dataset CS
Dataloader: Loading success.
Data(x=[18333, 6805], edge_index=[2, 163788], y=[18333])
[17:47:13] Trial 18/20 • Epoch 1/700 • loss=-0.0142 • sim=0.0142 train_V5.py:227
           • Granule Rebuild | Significant Loss ↓                               
[17:54:26] Trial 18/20 • Epoch 100/700 • loss=-0.9352 •          train_V5.py:227
           sim=0.9352 • log                                                     
[17:54:33] Trial 18/20 • Epoch 101/700 • loss=-0.9238 •          train_V5.py:227
           sim=0.9238 • Granule Rebuild                                         
[18:01:42] Trial 18/20 • Epoch 200/700 • loss=-0.9741 •          train_V5.py:227
           sim=0.9741 • log                                                     
[18:01:48] Trial 18/20 • Epoch 201/700 • loss=-0.9585 •          train_V5.py:227
           sim=0.9585 • Granule Rebuild                                         
[18:08:55] Trial 18/20 • Epoch 300/700 • loss=-0.9784 •          train_V5.py:227
           sim=0.9784 • log                                                     
[18:09:01] Trial 18/20 • Epoch 301/700 • loss=-0.9617 •          train_V5.py:227
           sim=0.9617 • Granule Rebuild                                         
[18:15:56] Trial 18/20 • Epoch 400/700 • loss=-0.9792 •          train_V5.py:227
           sim=0.9792 • log                                                     
[18:16:02] Trial 18/20 • Epoch 401/700 • loss=-0.9626 •          train_V5.py:227
           sim=0.9626 • Granule Rebuild                                         
[18:23:00] Trial 18/20 • Epoch 500/700 • loss=-0.9780 •          train_V5.py:227
           sim=0.9780 • log                                                     
[18:23:07] Trial 18/20 • Epoch 501/700 • loss=-0.9618 •          train_V5.py:227
           sim=0.9618 • Granule Rebuild                                         
[18:30:04] Trial 18/20 • Epoch 600/700 • loss=-0.9781 •          train_V5.py:227
           sim=0.9781 • log                                                     
[18:30:11] Trial 18/20 • Epoch 601/700 • loss=-0.9605 •          train_V5.py:227
           sim=0.9605 • Granule Rebuild                                         
[18:37:06] Trial 18/20 • Epoch 700/700 • loss=-0.9770 •          train_V5.py:227
           sim=0.9770 • log                                                     
[18:41:31] Trial 18 summary → best_loss=-0.9802,                 train_V5.py:260
           clf_mean=0.9420, clf_var=0.000000                                    
Trials 18/20                      ━━━━━━━━━━━━━━━━━━━━━ 100% • 0:54:24 • 0:00:00
Epoch 700/700 | best_loss=-0.9802 ━━━━━━━━━━━━━━━━━━━━━ 100% • 0:28:48 • 0:00:00
Dataloader: Loading Dataset CS
Dataloader: Loading success.
Data(x=[18333, 6805], edge_index=[2, 163788], y=[18333])
[18:41:38] Trial 19/20 • Epoch 1/700 • loss=0.0072 • sim=-0.0072 train_V5.py:227
           • Granule Rebuild | Significant Loss ↓                               
[18:49:08] Trial 19/20 • Epoch 100/700 • loss=-0.9327 •          train_V5.py:227
           sim=0.9327 • log                                                     
[18:49:15] Trial 19/20 • Epoch 101/700 • loss=-0.9213 •          train_V5.py:227
           sim=0.9213 • Granule Rebuild                                         
[18:56:34] Trial 19/20 • Epoch 200/700 • loss=-0.9749 •          train_V5.py:227
           sim=0.9749 • log                                                     
[18:56:41] Trial 19/20 • Epoch 201/700 • loss=-0.9590 •          train_V5.py:227
           sim=0.9590 • Granule Rebuild                                         
[19:03:59] Trial 19/20 • Epoch 300/700 • loss=-0.9815 •          train_V5.py:227
           sim=0.9815 • log                                                     
[19:04:06] Trial 19/20 • Epoch 301/700 • loss=-0.9647 •          train_V5.py:227
           sim=0.9647 • Granule Rebuild                                         
[19:11:14] Trial 19/20 • Epoch 400/700 • loss=-0.9824 •          train_V5.py:227
           sim=0.9824 • log                                                     
[19:11:21] Trial 19/20 • Epoch 401/700 • loss=-0.9644 •          train_V5.py:227
           sim=0.9644 • Granule Rebuild                                         
[19:18:23] Trial 19/20 • Epoch 500/700 • loss=-0.9822 •          train_V5.py:227
           sim=0.9822 • log                                                     
[19:18:30] Trial 19/20 • Epoch 501/700 • loss=-0.9646 •          train_V5.py:227
           sim=0.9646 • Granule Rebuild                                         
[19:25:38] Trial 19/20 • Epoch 600/700 • loss=-0.9813 •          train_V5.py:227
           sim=0.9813 • log                                                     
[19:25:45] Trial 19/20 • Epoch 601/700 • loss=-0.9636 •          train_V5.py:227
           sim=0.9636 • Granule Rebuild                                         
[19:32:52] Trial 19/20 • Epoch 700/700 • loss=-0.9803 •          train_V5.py:227
           sim=0.9803 • log                                                     
[19:37:26] Trial 19 summary → best_loss=-0.9828,                 train_V5.py:260
           clf_mean=0.9413, clf_var=0.000000                                    
Trials 19/20                      ━━━━━━━━━━━━━━━━━━━━━ 100% • 0:55:54 • 0:00:00
Epoch 700/700 | best_loss=-0.9828 ━━━━━━━━━━━━━━━━━━━━━ 100% • 0:29:41 • 0:00:00
Dataloader: Loading Dataset CS
Dataloader: Loading success.
Data(x=[18333, 6805], edge_index=[2, 163788], y=[18333])
[19:37:34] Trial 20/20 • Epoch 1/700 • loss=0.0065 • sim=-0.0065 train_V5.py:227
           • Granule Rebuild | Significant Loss ↓                               
[19:44:57] Trial 20/20 • Epoch 100/700 • loss=-0.9405 •          train_V5.py:227
           sim=0.9405 • log                                                     
[19:45:03] Trial 20/20 • Epoch 101/700 • loss=-0.9287 •          train_V5.py:227
           sim=0.9287 • Granule Rebuild                                         
[19:52:16] Trial 20/20 • Epoch 200/700 • loss=-0.9727 •          train_V5.py:227
           sim=0.9727 • log                                                     
[19:52:22] Trial 20/20 • Epoch 201/700 • loss=-0.9571 •          train_V5.py:227
           sim=0.9571 • Granule Rebuild                                         
[19:59:46] Trial 20/20 • Epoch 300/700 • loss=-0.9773 •          train_V5.py:227
           sim=0.9773 • log                                                     
[19:59:53] Trial 20/20 • Epoch 301/700 • loss=-0.9602 •          train_V5.py:227
           sim=0.9602 • Granule Rebuild                                         
[20:07:18] Trial 20/20 • Epoch 400/700 • loss=-0.9769 •          train_V5.py:227
           sim=0.9769 • log                                                     
[20:07:27] Trial 20/20 • Epoch 401/700 • loss=-0.9596 •          train_V5.py:227
           sim=0.9596 • Granule Rebuild                                         
[20:15:09] Trial 20/20 • Epoch 500/700 • loss=-0.9761 •          train_V5.py:227
           sim=0.9761 • log                                                     
[20:15:17] Trial 20/20 • Epoch 501/700 • loss=-0.9583 •          train_V5.py:227
           sim=0.9583 • Granule Rebuild                                         
[20:22:56] Trial 20/20 • Epoch 600/700 • loss=-0.9744 •          train_V5.py:227
           sim=0.9744 • log                                                     
[20:23:03] Trial 20/20 • Epoch 601/700 • loss=-0.9571 •          train_V5.py:227
           sim=0.9571 • Granule Rebuild                                         
[20:30:43] Trial 20/20 • Epoch 700/700 • loss=-0.9718 •          train_V5.py:227
           sim=0.9718 • log                                                     
[20:35:14] Trial 20 summary → best_loss=-0.9773,                 train_V5.py:260
           clf_mean=0.9412, clf_var=0.000000                                    
Trials 20/20                      ━━━━━━━━━━━━━━━━━━━━━ 100% • 0:57:46 • 0:00:00
Epoch 700/700 | best_loss=-0.9773 ━━━━━━━━━━━━━━━━━━━━━ 100% • 0:29:51 • 0:00:00
==== Overall Summary ====
Trials: 20 | Dataset: CS
Classifier mean (across trials): 0.9414 ± 0.000000
Best trial: #1 | mean=0.9425 | loss=-0.9781
Worst trial: #17 | mean=0.9398 | loss=-0.9816
